# JRE version: Java(TM) SE Runtime Environment (8.0_171-b11) (build 1.8.0_171-b11)
# Java VM: Java HotSpot(TM) 64-Bit Server VM (25.171-b11 mixed mode windows-amd64 compressed oops)
Heap:
 PSYoungGen      total 234496K, used 78791K [0x00000000d6000000, 0x00000000e5200000, 0x0000000100000000)
  eden space 223232K, 35% used [0x00000000d6000000,0x00000000dacf1fe0,0x00000000e3a00000)
  from space 11264K, 0% used [0x00000000e3c00000,0x00000000e3c00000,0x00000000e4700000)
  to   space 9216K, 0% used [0x00000000e4900000,0x00000000e4900000,0x00000000e5200000)
 ParOldGen       total 79872K, used 21242K [0x0000000082000000, 0x0000000086e00000, 0x00000000d6000000)
  object space 79872K, 26% used [0x0000000082000000,0x00000000834bebe8,0x0000000086e00000)
 Metaspace       used 37876K, capacity 38480K, committed 38784K, reserved 1083392K
  class space    used 4542K, capacity 4705K, committed 4736K, reserved 1048576K
GC Heap History (10 events):
Event: 2.227 GC heap before
{Heap before GC invocations=7 (full 1):
 PSYoungGen      total 140288K, used 5509K [0x00000000d6000000, 0x00000000df300000, 0x0000000100000000)
  eden space 131072K, 0% used [0x00000000d6000000,0x00000000d6000000,0x00000000de000000)
  from space 9216K, 59% used [0x00000000dea00000,0x00000000def615e0,0x00000000df300000)
  to   space 9728K, 0% used [0x00000000de000000,0x00000000de000000,0x00000000de980000)
 ParOldGen       total 86016K, used 7150K [0x0000000082000000, 0x0000000087400000, 0x00000000d6000000)
  object space 86016K, 8% used [0x0000000082000000,0x00000000826fbbb8,0x0000000087400000)
 Metaspace       used 20808K, capacity 21174K, committed 21296K, reserved 1069056K
  class space    used 2507K, capacity 2610K, committed 2688K, reserved 1048576K
Event: 2.255 GC heap after
Heap after GC invocations=7 (full 1):
 PSYoungGen      total 140288K, used 0K [0x00000000d6000000, 0x00000000df300000, 0x0000000100000000)
  eden space 131072K, 0% used [0x00000000d6000000,0x00000000d6000000,0x00000000de000000)
  from space 9216K, 0% used [0x00000000dea00000,0x00000000dea00000,0x00000000df300000)
  to   space 9728K, 0% used [0x00000000de000000,0x00000000de000000,0x00000000de980000)
 ParOldGen       total 51200K, used 6880K [0x0000000082000000, 0x0000000085200000, 0x00000000d6000000)
  object space 51200K, 13% used [0x0000000082000000,0x00000000826b8200,0x0000000085200000)
 Metaspace       used 20808K, capacity 21174K, committed 21296K, reserved 1069056K
  class space    used 2507K, capacity 2610K, committed 2688K, reserved 1048576K
}
Event: 3.642 GC heap before
{Heap before GC invocations=8 (full 1):
 PSYoungGen      total 140288K, used 131072K [0x00000000d6000000, 0x00000000df300000, 0x0000000100000000)
  eden space 131072K, 100% used [0x00000000d6000000,0x00000000de000000,0x00000000de000000)
  from space 9216K, 0% used [0x00000000dea00000,0x00000000dea00000,0x00000000df300000)
  to   space 9728K, 0% used [0x00000000de000000,0x00000000de000000,0x00000000de980000)
 ParOldGen       total 51200K, used 6880K [0x0000000082000000, 0x0000000085200000, 0x00000000d6000000)
  object space 51200K, 13% used [0x0000000082000000,0x00000000826b8200,0x0000000085200000)
 Metaspace       used 24143K, capacity 24650K, committed 24832K, reserved 1071104K
  class space    used 2931K, capacity 3056K, committed 3072K, reserved 1048576K
Event: 3.657 GC heap after
Heap after GC invocations=8 (full 1):
 PSYoungGen      total 140800K, used 6132K [0x00000000d6000000, 0x00000000e5200000, 0x0000000100000000)
  eden space 131072K, 0% used [0x00000000d6000000,0x00000000d6000000,0x00000000de000000)
  from space 9728K, 63% used [0x00000000de000000,0x00000000de5fd2d8,0x00000000de980000)
  to   space 9216K, 0% used [0x00000000e4900000,0x00000000e4900000,0x00000000e5200000)
 ParOldGen       total 51200K, used 6888K [0x0000000082000000, 0x0000000085200000, 0x00000000d6000000)
  object space 51200K, 13% used [0x0000000082000000,0x00000000826ba200,0x0000000085200000)
 Metaspace       used 24143K, capacity 24650K, committed 24832K, reserved 1071104K
  class space    used 2931K, capacity 3056K, committed 3072K, reserved 1048576K
}
Event: 5.603 GC heap before
{Heap before GC invocations=9 (full 1):
 PSYoungGen      total 140800K, used 137204K [0x00000000d6000000, 0x00000000e5200000, 0x0000000100000000)
  eden space 131072K, 100% used [0x00000000d6000000,0x00000000de000000,0x00000000de000000)
  from space 9728K, 63% used [0x00000000de000000,0x00000000de5fd2d8,0x00000000de980000)
  to   space 9216K, 0% used [0x00000000e4900000,0x00000000e4900000,0x00000000e5200000)
 ParOldGen       total 51200K, used 6888K [0x0000000082000000, 0x0000000085200000, 0x00000000d6000000)
  object space 51200K, 13% used [0x0000000082000000,0x00000000826ba200,0x0000000085200000)
 Metaspace       used 30901K, capacity 31428K, committed 31616K, reserved 1077248K
  class space    used 3799K, capacity 3935K, committed 3968K, reserved 1048576K
Event: 5.618 GC heap after
Heap after GC invocations=9 (full 1):
 PSYoungGen      total 232448K, used 9185K [0x00000000d6000000, 0x00000000e5200000, 0x0000000100000000)
  eden space 223232K, 0% used [0x00000000d6000000,0x00000000d6000000,0x00000000e3a00000)
  from space 9216K, 99% used [0x00000000e4900000,0x00000000e51f8710,0x00000000e5200000)
  to   space 11264K, 0% used [0x00000000e3c00000,0x00000000e3c00000,0x00000000e4700000)
 ParOldGen       total 51200K, used 9002K [0x0000000082000000, 0x0000000085200000, 0x00000000d6000000)
  object space 51200K, 17% used [0x0000000082000000,0x00000000828cab58,0x0000000085200000)
 Metaspace       used 30901K, capacity 31428K, committed 31616K, reserved 1077248K
  class space    used 3799K, capacity 3935K, committed 3968K, reserved 1048576K
}
Event: 6.996 GC heap before
{Heap before GC invocations=10 (full 1):
 PSYoungGen      total 232448K, used 148485K [0x00000000d6000000, 0x00000000e5200000, 0x0000000100000000)
  eden space 223232K, 62% used [0x00000000d6000000,0x00000000de808d48,0x00000000e3a00000)
  from space 9216K, 99% used [0x00000000e4900000,0x00000000e51f8710,0x00000000e5200000)
  to   space 11264K, 0% used [0x00000000e3c00000,0x00000000e3c00000,0x00000000e4700000)
 ParOldGen       total 51200K, used 9002K [0x0000000082000000, 0x0000000085200000, 0x00000000d6000000)
  object space 51200K, 17% used [0x0000000082000000,0x00000000828cab58,0x0000000085200000)
 Metaspace       used 34722K, capacity 35236K, committed 35456K, reserved 1081344K
  class space    used 4262K, capacity 4415K, committed 4480K, reserved 1048576K
Event: 7.017 GC heap after
Heap after GC invocations=10 (full 1):
 PSYoungGen      total 234496K, used 11253K [0x00000000d6000000, 0x00000000e5200000, 0x0000000100000000)
  eden space 223232K, 0% used [0x00000000d6000000,0x00000000d6000000,0x00000000e3a00000)
  from space 11264K, 99% used [0x00000000e3c00000,0x00000000e46fd6e0,0x00000000e4700000)
  to   space 9216K, 0% used [0x00000000e4900000,0x00000000e4900000,0x00000000e5200000)
 ParOldGen       total 51200K, used 12651K [0x0000000082000000, 0x0000000085200000, 0x00000000d6000000)
  object space 51200K, 24% used [0x0000000082000000,0x0000000082c5ac68,0x0000000085200000)
 Metaspace       used 34722K, capacity 35236K, committed 35456K, reserved 1081344K
  class space    used 4262K, capacity 4415K, committed 4480K, reserved 1048576K
}
Event: 7.017 GC heap before
{Heap before GC invocations=11 (full 2):
 PSYoungGen      total 234496K, used 11253K [0x00000000d6000000, 0x00000000e5200000, 0x0000000100000000)
  eden space 223232K, 0% used [0x00000000d6000000,0x00000000d6000000,0x00000000e3a00000)
  from space 11264K, 99% used [0x00000000e3c00000,0x00000000e46fd6e0,0x00000000e4700000)
  to   space 9216K, 0% used [0x00000000e4900000,0x00000000e4900000,0x00000000e5200000)
 ParOldGen       total 51200K, used 12651K [0x0000000082000000, 0x0000000085200000, 0x00000000d6000000)
  object space 51200K, 24% used [0x0000000082000000,0x0000000082c5ac68,0x0000000085200000)
 Metaspace       used 34722K, capacity 35236K, committed 35456K, reserved 1081344K
  class space    used 4262K, capacity 4415K, committed 4480K, reserved 1048576K
Event: 7.084 GC heap after
Heap after GC invocations=11 (full 2):
 PSYoungGen      total 234496K, used 0K [0x00000000d6000000, 0x00000000e5200000, 0x0000000100000000)
  eden space 223232K, 0% used [0x00000000d6000000,0x00000000d6000000,0x00000000e3a00000)
  from space 11264K, 0% used [0x00000000e3c00000,0x00000000e3c00000,0x00000000e4700000)
  to   space 9216K, 0% used [0x00000000e4900000,0x00000000e4900000,0x00000000e5200000)
 ParOldGen       total 79872K, used 21242K [0x0000000082000000, 0x0000000086e00000, 0x00000000d6000000)
  object space 79872K, 26% used [0x0000000082000000,0x00000000834bebe8,0x0000000086e00000)
 Metaspace       used 34722K, capacity 35236K, committed 35456K, reserved 1081344K
  class space    used 4262K, capacity 4415K, committed 4480K, reserved 1048576K
}

