# JRE version: Java(TM) SE Runtime Environment (8.0_171-b11) (build 1.8.0_171-b11)
# Java VM: Java HotSpot(TM) 64-Bit Server VM (25.171-b11 mixed mode windows-amd64 compressed oops)
Heap:
 PSYoungGen      total 420352K, used 39141K [0x00000000d6000000, 0x00000000fb480000, 0x0000000100000000)
  eden space 404480K, 5% used [0x00000000d6000000,0x00000000d76beae0,0x00000000eeb00000)
  from space 15872K, 99% used [0x00000000eeb00000,0x00000000efa7ac78,0x00000000efa80000)
  to   space 21504K, 0% used [0x00000000f9f80000,0x00000000f9f80000,0x00000000fb480000)
 ParOldGen       total 77312K, used 27206K [0x0000000082000000, 0x0000000086b80000, 0x00000000d6000000)
  object space 77312K, 35% used [0x0000000082000000,0x0000000083a919f8,0x0000000086b80000)
 Metaspace       used 51920K, capacity 52494K, committed 52736K, reserved 1095680K
  class space    used 6464K, capacity 6596K, committed 6656K, reserved 1048576K
GC Heap History (10 events):
Event: 3.427 GC heap before
{Heap before GC invocations=7 (full 1):
 PSYoungGen      total 136192K, used 131072K [0x00000000d6000000, 0x00000000e7500000, 0x0000000100000000)
  eden space 131072K, 100% used [0x00000000d6000000,0x00000000de000000,0x00000000de000000)
  from space 5120K, 0% used [0x00000000de000000,0x00000000de000000,0x00000000de500000)
  to   space 10752K, 0% used [0x00000000e6a80000,0x00000000e6a80000,0x00000000e7500000)
 ParOldGen       total 51712K, used 6693K [0x0000000082000000, 0x0000000085280000, 0x00000000d6000000)
  object space 51712K, 12% used [0x0000000082000000,0x00000000826895b0,0x0000000085280000)
 Metaspace       used 24432K, capacity 24876K, committed 24960K, reserved 1071104K
  class space    used 3040K, capacity 3145K, committed 3200K, reserved 1048576K
Event: 3.439 GC heap after
Heap after GC invocations=7 (full 1):
 PSYoungGen      total 240128K, used 6780K [0x00000000d6000000, 0x00000000e7180000, 0x0000000100000000)
  eden space 232960K, 0% used [0x00000000d6000000,0x00000000d6000000,0x00000000e4380000)
  from space 7168K, 94% used [0x00000000e6a80000,0x00000000e711f308,0x00000000e7180000)
  to   space 10240K, 0% used [0x00000000e5d80000,0x00000000e5d80000,0x00000000e6780000)
 ParOldGen       total 51712K, used 6701K [0x0000000082000000, 0x0000000085280000, 0x00000000d6000000)
  object space 51712K, 12% used [0x0000000082000000,0x000000008268b5b0,0x0000000085280000)
 Metaspace       used 24432K, capacity 24876K, committed 24960K, reserved 1071104K
  class space    used 3040K, capacity 3145K, committed 3200K, reserved 1048576K
}
Event: 4.664 GC heap before
{Heap before GC invocations=8 (full 1):
 PSYoungGen      total 240128K, used 239740K [0x00000000d6000000, 0x00000000e7180000, 0x0000000100000000)
  eden space 232960K, 100% used [0x00000000d6000000,0x00000000e4380000,0x00000000e4380000)
  from space 7168K, 94% used [0x00000000e6a80000,0x00000000e711f308,0x00000000e7180000)
  to   space 10240K, 0% used [0x00000000e5d80000,0x00000000e5d80000,0x00000000e6780000)
 ParOldGen       total 51712K, used 6701K [0x0000000082000000, 0x0000000085280000, 0x00000000d6000000)
  object space 51712K, 12% used [0x0000000082000000,0x000000008268b5b0,0x0000000085280000)
 Metaspace       used 34259K, capacity 34752K, committed 35200K, reserved 1079296K
  class space    used 4222K, capacity 4375K, committed 4480K, reserved 1048576K
Event: 4.676 GC heap after
Heap after GC invocations=8 (full 1):
 PSYoungGen      total 269824K, used 10219K [0x00000000d6000000, 0x00000000f0980000, 0x0000000100000000)
  eden space 259584K, 0% used [0x00000000d6000000,0x00000000d6000000,0x00000000e5d80000)
  from space 10240K, 99% used [0x00000000e5d80000,0x00000000e677ac60,0x00000000e6780000)
  to   space 15360K, 0% used [0x00000000efa80000,0x00000000efa80000,0x00000000f0980000)
 ParOldGen       total 51712K, used 13982K [0x0000000082000000, 0x0000000085280000, 0x00000000d6000000)
  object space 51712K, 27% used [0x0000000082000000,0x0000000082da7bb8,0x0000000085280000)
 Metaspace       used 34259K, capacity 34752K, committed 35200K, reserved 1079296K
  class space    used 4222K, capacity 4375K, committed 4480K, reserved 1048576K
}
Event: 4.872 GC heap before
{Heap before GC invocations=9 (full 1):
 PSYoungGen      total 269824K, used 38521K [0x00000000d6000000, 0x00000000f0980000, 0x0000000100000000)
  eden space 259584K, 10% used [0x00000000d6000000,0x00000000d7ba3970,0x00000000e5d80000)
  from space 10240K, 99% used [0x00000000e5d80000,0x00000000e677ac60,0x00000000e6780000)
  to   space 15360K, 0% used [0x00000000efa80000,0x00000000efa80000,0x00000000f0980000)
 ParOldGen       total 51712K, used 13982K [0x0000000082000000, 0x0000000085280000, 0x00000000d6000000)
  object space 51712K, 27% used [0x0000000082000000,0x0000000082da7bb8,0x0000000085280000)
 Metaspace       used 34845K, capacity 35264K, committed 35456K, reserved 1081344K
  class space    used 4304K, capacity 4439K, committed 4480K, reserved 1048576K
Event: 4.883 GC heap after
Heap after GC invocations=9 (full 1):
 PSYoungGen      total 419840K, used 11479K [0x00000000d6000000, 0x00000000f3d80000, 0x0000000100000000)
  eden space 404480K, 0% used [0x00000000d6000000,0x00000000d6000000,0x00000000eeb00000)
  from space 15360K, 74% used [0x00000000efa80000,0x00000000f05b5c50,0x00000000f0980000)
  to   space 15872K, 0% used [0x00000000eeb00000,0x00000000eeb00000,0x00000000efa80000)
 ParOldGen       total 51712K, used 13990K [0x0000000082000000, 0x0000000085280000, 0x00000000d6000000)
  object space 51712K, 27% used [0x0000000082000000,0x0000000082da9bb8,0x0000000085280000)
 Metaspace       used 34845K, capacity 35264K, committed 35456K, reserved 1081344K
  class space    used 4304K, capacity 4439K, committed 4480K, reserved 1048576K
}
Event: 4.883 GC heap before
{Heap before GC invocations=10 (full 2):
 PSYoungGen      total 419840K, used 11479K [0x00000000d6000000, 0x00000000f3d80000, 0x0000000100000000)
  eden space 404480K, 0% used [0x00000000d6000000,0x00000000d6000000,0x00000000eeb00000)
  from space 15360K, 74% used [0x00000000efa80000,0x00000000f05b5c50,0x00000000f0980000)
  to   space 15872K, 0% used [0x00000000eeb00000,0x00000000eeb00000,0x00000000efa80000)
 ParOldGen       total 51712K, used 13990K [0x0000000082000000, 0x0000000085280000, 0x00000000d6000000)
  object space 51712K, 27% used [0x0000000082000000,0x0000000082da9bb8,0x0000000085280000)
 Metaspace       used 34845K, capacity 35264K, committed 35456K, reserved 1081344K
  class space    used 4304K, capacity 4439K, committed 4480K, reserved 1048576K
Event: 4.923 GC heap after
Heap after GC invocations=10 (full 2):
 PSYoungGen      total 419840K, used 0K [0x00000000d6000000, 0x00000000f3d80000, 0x0000000100000000)
  eden space 404480K, 0% used [0x00000000d6000000,0x00000000d6000000,0x00000000eeb00000)
  from space 15360K, 0% used [0x00000000efa80000,0x00000000efa80000,0x00000000f0980000)
  to   space 15872K, 0% used [0x00000000eeb00000,0x00000000eeb00000,0x00000000efa80000)
 ParOldGen       total 77312K, used 19196K [0x0000000082000000, 0x0000000086b80000, 0x00000000d6000000)
  object space 77312K, 24% used [0x0000000082000000,0x00000000832bf2b8,0x0000000086b80000)
 Metaspace       used 34845K, capacity 35264K, committed 35456K, reserved 1081344K
  class space    used 4304K, capacity 4439K, committed 4480K, reserved 1048576K
}
Event: 8.239 GC heap before
{Heap before GC invocations=11 (full 2):
 PSYoungGen      total 419840K, used 404480K [0x00000000d6000000, 0x00000000f3d80000, 0x0000000100000000)
  eden space 404480K, 100% used [0x00000000d6000000,0x00000000eeb00000,0x00000000eeb00000)
  from space 15360K, 0% used [0x00000000efa80000,0x00000000efa80000,0x00000000f0980000)
  to   space 15872K, 0% used [0x00000000eeb00000,0x00000000eeb00000,0x00000000efa80000)
 ParOldGen       total 77312K, used 19196K [0x0000000082000000, 0x0000000086b80000, 0x00000000d6000000)
  object space 77312K, 24% used [0x0000000082000000,0x00000000832bf2b8,0x0000000086b80000)
 Metaspace       used 51660K, capacity 52270K, committed 52480K, reserved 1095680K
  class space    used 6430K, capacity 6564K, committed 6656K, reserved 1048576K
Event: 8.265 GC heap after
Heap after GC invocations=11 (full 2):
 PSYoungGen      total 420352K, used 15851K [0x00000000d6000000, 0x00000000fb480000, 0x0000000100000000)
  eden space 404480K, 0% used [0x00000000d6000000,0x00000000d6000000,0x00000000eeb00000)
  from space 15872K, 99% used [0x00000000eeb00000,0x00000000efa7ac78,0x00000000efa80000)
  to   space 21504K, 0% used [0x00000000f9f80000,0x00000000f9f80000,0x00000000fb480000)
 ParOldGen       total 77312K, used 27206K [0x0000000082000000, 0x0000000086b80000, 0x00000000d6000000)
  object space 77312K, 35% used [0x0000000082000000,0x0000000083a919f8,0x0000000086b80000)
 Metaspace       used 51660K, capacity 52270K, committed 52480K, reserved 1095680K
  class space    used 6430K, capacity 6564K, committed 6656K, reserved 1048576K
}

