# JRE version: Java(TM) SE Runtime Environment (8.0_171-b11) (build 1.8.0_171-b11)
# Java VM: Java HotSpot(TM) 64-Bit Server VM (25.171-b11 mixed mode windows-amd64 compressed oops)
Heap:
 PSYoungGen      total 418816K, used 135516K [0x00000000d6000000, 0x00000000f0b00000, 0x0000000100000000)
  eden space 400896K, 33% used [0x00000000d6000000,0x00000000de457338,0x00000000ee780000)
  from space 17920K, 0% used [0x00000000ef880000,0x00000000ef880000,0x00000000f0a00000)
  to   space 17408K, 0% used [0x00000000ee780000,0x00000000ee780000,0x00000000ef880000)
 ParOldGen       total 119296K, used 38426K [0x0000000082000000, 0x0000000089480000, 0x00000000d6000000)
  object space 119296K, 32% used [0x0000000082000000,0x0000000084586860,0x0000000089480000)
 Metaspace       used 62390K, capacity 63444K, committed 63704K, reserved 1105920K
  class space    used 7685K, capacity 7897K, committed 7936K, reserved 1048576K
GC Heap History (10 events):
Event: 4.216 GC heap before
{Heap before GC invocations=11 (full 2):
 PSYoungGen      total 239104K, used 10739K [0x00000000d6000000, 0x00000000eb500000, 0x0000000100000000)
  eden space 228352K, 0% used [0x00000000d6000000,0x00000000d6000000,0x00000000e3f00000)
  from space 10752K, 99% used [0x00000000e3f00000,0x00000000e497ce30,0x00000000e4980000)
  to   space 13824K, 0% used [0x00000000ea780000,0x00000000ea780000,0x00000000eb500000)
 ParOldGen       total 49664K, used 12079K [0x0000000082000000, 0x0000000085080000, 0x00000000d6000000)
  object space 49664K, 24% used [0x0000000082000000,0x0000000082bcbc50,0x0000000085080000)
 Metaspace       used 34826K, capacity 35264K, committed 35456K, reserved 1081344K
  class space    used 4303K, capacity 4439K, committed 4480K, reserved 1048576K
Event: 4.275 GC heap after
Heap after GC invocations=11 (full 2):
 PSYoungGen      total 239104K, used 0K [0x00000000d6000000, 0x00000000eb500000, 0x0000000100000000)
  eden space 228352K, 0% used [0x00000000d6000000,0x00000000d6000000,0x00000000e3f00000)
  from space 10752K, 0% used [0x00000000e3f00000,0x00000000e3f00000,0x00000000e4980000)
  to   space 13824K, 0% used [0x00000000ea780000,0x00000000ea780000,0x00000000eb500000)
 ParOldGen       total 80384K, used 20544K [0x0000000082000000, 0x0000000086e80000, 0x00000000d6000000)
  object space 80384K, 25% used [0x0000000082000000,0x0000000083410040,0x0000000086e80000)
 Metaspace       used 34826K, capacity 35264K, committed 35456K, reserved 1081344K
  class space    used 4303K, capacity 4439K, committed 4480K, reserved 1048576K
}
Event: 6.399 GC heap before
{Heap before GC invocations=12 (full 2):
 PSYoungGen      total 239104K, used 228352K [0x00000000d6000000, 0x00000000eb500000, 0x0000000100000000)
  eden space 228352K, 100% used [0x00000000d6000000,0x00000000e3f00000,0x00000000e3f00000)
  from space 10752K, 0% used [0x00000000e3f00000,0x00000000e3f00000,0x00000000e4980000)
  to   space 13824K, 0% used [0x00000000ea780000,0x00000000ea780000,0x00000000eb500000)
 ParOldGen       total 80384K, used 20544K [0x0000000082000000, 0x0000000086e80000, 0x00000000d6000000)
  object space 80384K, 25% used [0x0000000082000000,0x0000000083410040,0x0000000086e80000)
 Metaspace       used 47956K, capacity 48484K, committed 48896K, reserved 1091584K
  class space    used 5997K, capacity 6109K, committed 6144K, reserved 1048576K
Event: 6.412 GC heap after
Heap after GC invocations=12 (full 2):
 PSYoungGen      total 318464K, used 13820K [0x00000000d6000000, 0x00000000eb500000, 0x0000000100000000)
  eden space 304640K, 0% used [0x00000000d6000000,0x00000000d6000000,0x00000000e8980000)
  from space 13824K, 99% used [0x00000000ea780000,0x00000000eb4ff130,0x00000000eb500000)
  to   space 16896K, 0% used [0x00000000e9400000,0x00000000e9400000,0x00000000ea480000)
 ParOldGen       total 80384K, used 23776K [0x0000000082000000, 0x0000000086e80000, 0x00000000d6000000)
  object space 80384K, 29% used [0x0000000082000000,0x0000000083738070,0x0000000086e80000)
 Metaspace       used 47956K, capacity 48484K, committed 48896K, reserved 1091584K
  class space    used 5997K, capacity 6109K, committed 6144K, reserved 1048576K
}
Event: 8.033 GC heap before
{Heap before GC invocations=13 (full 2):
 PSYoungGen      total 318464K, used 318460K [0x00000000d6000000, 0x00000000eb500000, 0x0000000100000000)
  eden space 304640K, 100% used [0x00000000d6000000,0x00000000e8980000,0x00000000e8980000)
  from space 13824K, 99% used [0x00000000ea780000,0x00000000eb4ff130,0x00000000eb500000)
  to   space 16896K, 0% used [0x00000000e9400000,0x00000000e9400000,0x00000000ea480000)
 ParOldGen       total 80384K, used 23776K [0x0000000082000000, 0x0000000086e80000, 0x00000000d6000000)
  object space 80384K, 29% used [0x0000000082000000,0x0000000083738070,0x0000000086e80000)
 Metaspace       used 53623K, capacity 54306K, committed 54528K, reserved 1097728K
  class space    used 6704K, capacity 6850K, committed 6912K, reserved 1048576K
Event: 8.055 GC heap after
Heap after GC invocations=13 (full 2):
 PSYoungGen      total 332288K, used 13942K [0x00000000d6000000, 0x00000000f0a00000, 0x0000000100000000)
  eden space 315392K, 0% used [0x00000000d6000000,0x00000000d6000000,0x00000000e9400000)
  from space 16896K, 82% used [0x00000000e9400000,0x00000000ea19d958,0x00000000ea480000)
  to   space 17920K, 0% used [0x00000000ef880000,0x00000000ef880000,0x00000000f0a00000)
 ParOldGen       total 80384K, used 31289K [0x0000000082000000, 0x0000000086e80000, 0x00000000d6000000)
  object space 80384K, 38% used [0x0000000082000000,0x0000000083e8e538,0x0000000086e80000)
 Metaspace       used 53623K, capacity 54306K, committed 54528K, reserved 1097728K
  class space    used 6704K, capacity 6850K, committed 6912K, reserved 1048576K
}
Event: 16.479 GC heap before
{Heap before GC invocations=14 (full 2):
 PSYoungGen      total 332288K, used 159005K [0x00000000d6000000, 0x00000000f0a00000, 0x0000000100000000)
  eden space 315392K, 45% used [0x00000000d6000000,0x00000000deda9e30,0x00000000e9400000)
  from space 16896K, 82% used [0x00000000e9400000,0x00000000ea19d958,0x00000000ea480000)
  to   space 17920K, 0% used [0x00000000ef880000,0x00000000ef880000,0x00000000f0a00000)
 ParOldGen       total 80384K, used 31289K [0x0000000082000000, 0x0000000086e80000, 0x00000000d6000000)
  object space 80384K, 38% used [0x0000000082000000,0x0000000083e8e538,0x0000000086e80000)
 Metaspace       used 58154K, capacity 58972K, committed 59096K, reserved 1101824K
  class space    used 7248K, capacity 7405K, committed 7424K, reserved 1048576K
Event: 16.498 GC heap after
Heap after GC invocations=14 (full 2):
 PSYoungGen      total 418816K, used 7108K [0x00000000d6000000, 0x00000000f0b00000, 0x0000000100000000)
  eden space 400896K, 0% used [0x00000000d6000000,0x00000000d6000000,0x00000000ee780000)
  from space 17920K, 39% used [0x00000000ef880000,0x00000000eff712b8,0x00000000f0a00000)
  to   space 17408K, 0% used [0x00000000ee780000,0x00000000ee780000,0x00000000ef880000)
 ParOldGen       total 80384K, used 40101K [0x0000000082000000, 0x0000000086e80000, 0x00000000d6000000)
  object space 80384K, 49% used [0x0000000082000000,0x00000000847295f8,0x0000000086e80000)
 Metaspace       used 58154K, capacity 58972K, committed 59096K, reserved 1101824K
  class space    used 7248K, capacity 7405K, committed 7424K, reserved 1048576K
}
Event: 16.498 GC heap before
{Heap before GC invocations=15 (full 3):
 PSYoungGen      total 418816K, used 7108K [0x00000000d6000000, 0x00000000f0b00000, 0x0000000100000000)
  eden space 400896K, 0% used [0x00000000d6000000,0x00000000d6000000,0x00000000ee780000)
  from space 17920K, 39% used [0x00000000ef880000,0x00000000eff712b8,0x00000000f0a00000)
  to   space 17408K, 0% used [0x00000000ee780000,0x00000000ee780000,0x00000000ef880000)
 ParOldGen       total 80384K, used 40101K [0x0000000082000000, 0x0000000086e80000, 0x00000000d6000000)
  object space 80384K, 49% used [0x0000000082000000,0x00000000847295f8,0x0000000086e80000)
 Metaspace       used 58154K, capacity 58972K, committed 59096K, reserved 1101824K
  class space    used 7248K, capacity 7405K, committed 7424K, reserved 1048576K
Event: 16.644 GC heap after
Heap after GC invocations=15 (full 3):
 PSYoungGen      total 418816K, used 0K [0x00000000d6000000, 0x00000000f0b00000, 0x0000000100000000)
  eden space 400896K, 0% used [0x00000000d6000000,0x00000000d6000000,0x00000000ee780000)
  from space 17920K, 0% used [0x00000000ef880000,0x00000000ef880000,0x00000000f0a00000)
  to   space 17408K, 0% used [0x00000000ee780000,0x00000000ee780000,0x00000000ef880000)
 ParOldGen       total 119296K, used 38426K [0x0000000082000000, 0x0000000089480000, 0x00000000d6000000)
  object space 119296K, 32% used [0x0000000082000000,0x0000000084586860,0x0000000089480000)
 Metaspace       used 58043K, capacity 58756K, committed 59096K, reserved 1101824K
  class space    used 7228K, capacity 7369K, committed 7424K, reserved 1048576K
}

